<?xml version="1.0" encoding="UTF-8"?>
<testng-results ignored="0" total="1" passed="1" failed="0" skipped="0">
  <reporter-output>
  </reporter-output>
  <suite started-at="2023-01-09T11:40:53 CST" name="Suite" finished-at="2023-01-09T11:41:16 CST" duration-ms="22985">
    <groups>
    </groups>
    <test started-at="2023-01-09T11:40:53 CST" name="Test" finished-at="2023-01-09T11:41:16 CST" duration-ms="22985">
      <class name="tests.HomePageTest">
        <test-method is-config="true" signature="initialize()[pri:0, instance:tests.HomePageTest@5149d738]" started-at="2023-01-09T11:39:01 CST" name="initialize" finished-at="2023-01-09T11:40:53 CST" duration-ms="112070" status="PASS">
          <reporter-output>
          </reporter-output>
        </test-method> <!-- initialize -->
        <test-method is-config="true" signature="printBeforeTest()[pri:0, instance:tests.HomePageTest@5149d738]" started-at="2023-01-09T11:40:53 CST" name="printBeforeTest" finished-at="2023-01-09T11:40:53 CST" duration-ms="5" status="PASS">
          <reporter-output>
          </reporter-output>
        </test-method> <!-- printBeforeTest -->
        <test-method is-config="true" signature="init()[pri:0, instance:tests.HomePageTest@5149d738]" started-at="2023-01-09T11:40:53 CST" name="init" finished-at="2023-01-09T11:40:54 CST" duration-ms="62" status="PASS">
          <reporter-output>
          </reporter-output>
        </test-method> <!-- init -->
        <test-method signature="verifyAddToCart()[pri:0, instance:tests.HomePageTest@5149d738]" started-at="2023-01-09T11:40:54 CST" name="verifyAddToCart" finished-at="2023-01-09T11:41:16 CST" duration-ms="22791" status="PASS">
          <reporter-output>
          </reporter-output>
        </test-method> <!-- verifyAddToCart -->
        <test-method is-config="true" signature="printAfterTest()[pri:0, instance:tests.HomePageTest@5149d738]" started-at="2023-01-09T11:41:16 CST" name="printAfterTest" finished-at="2023-01-09T11:41:16 CST" duration-ms="1" status="PASS">
          <reporter-output>
          </reporter-output>
        </test-method> <!-- printAfterTest -->
      </class> <!-- tests.HomePageTest -->
    </test> <!-- Test -->
  </suite> <!-- Suite -->
</testng-results>
